This is pdfTeX, Version 3.141592653-2.6-1.40.26 (TeX Live 2024) (preloaded format=pdflatex 2024.8.12)  5 FEB 2025 07:24
entering extended mode
 restricted \write18 enabled.
 %&-line parsing enabled.
**Results_Overview.tex
(./Results_Overview.tex
LaTeX2e <2024-06-01> patch level 2
L3 programming layer <2024-07-20>
(/Users/michaelsieler/Library/TinyTeX/texmf-dist/tex/latex/base/article.cls
Document Class: article 2024/02/08 v1.4n Standard LaTeX document class
(/Users/michaelsieler/Library/TinyTeX/texmf-dist/tex/latex/base/size10.clo
File: size10.clo 2024/02/08 v1.4n Standard LaTeX file (size option)
)
\c@part=\count194
\c@section=\count195
\c@subsection=\count196
\c@subsubsection=\count197
\c@paragraph=\count198
\c@subparagraph=\count199
\c@figure=\count266
\c@table=\count267
\abovecaptionskip=\skip49
\belowcaptionskip=\skip50
\bibindent=\dimen141
) (/Users/michaelsieler/Library/TinyTeX/texmf-dist/tex/latex/amsmath/amsmath.sty
Package: amsmath 2024/05/23 v2.17q AMS math features
\@mathmargin=\skip51
For additional information on amsmath, use the `?' option.
(/Users/michaelsieler/Library/TinyTeX/texmf-dist/tex/latex/amsmath/amstext.sty
Package: amstext 2021/08/26 v2.01 AMS text
(/Users/michaelsieler/Library/TinyTeX/texmf-dist/tex/latex/amsmath/amsgen.sty
File: amsgen.sty 1999/11/30 v2.0 generic functions
\@emptytoks=\toks17
\ex@=\dimen142
)) (/Users/michaelsieler/Library/TinyTeX/texmf-dist/tex/latex/amsmath/amsbsy.sty
Package: amsbsy 1999/11/29 v1.2d Bold Symbols
\pmbraise@=\dimen143
) (/Users/michaelsieler/Library/TinyTeX/texmf-dist/tex/latex/amsmath/amsopn.sty
Package: amsopn 2022/04/08 v2.04 operator names
)
\inf@bad=\count268
LaTeX Info: Redefining \frac on input line 233.
\uproot@=\count269
\leftroot@=\count270
LaTeX Info: Redefining \overline on input line 398.
LaTeX Info: Redefining \colon on input line 409.
\classnum@=\count271
\DOTSCASE@=\count272
LaTeX Info: Redefining \ldots on input line 495.
LaTeX Info: Redefining \dots on input line 498.
LaTeX Info: Redefining \cdots on input line 619.
\Mathstrutbox@=\box52
\strutbox@=\box53
LaTeX Info: Redefining \big on input line 721.
LaTeX Info: Redefining \Big on input line 722.
LaTeX Info: Redefining \bigg on input line 723.
LaTeX Info: Redefining \Bigg on input line 724.
\big@size=\dimen144
LaTeX Font Info:    Redeclaring font encoding OML on input line 742.
LaTeX Font Info:    Redeclaring font encoding OMS on input line 743.
\macc@depth=\count273
LaTeX Info: Redefining \bmod on input line 904.
LaTeX Info: Redefining \pmod on input line 909.
LaTeX Info: Redefining \smash on input line 939.
LaTeX Info: Redefining \relbar on input line 969.
LaTeX Info: Redefining \Relbar on input line 970.
\c@MaxMatrixCols=\count274
\dotsspace@=\muskip17
\c@parentequation=\count275
\dspbrk@lvl=\count276
\tag@help=\toks18
\row@=\count277
\column@=\count278
\maxfields@=\count279
\andhelp@=\toks19
\eqnshift@=\dimen145
\alignsep@=\dimen146
\tagshift@=\dimen147
\tagwidth@=\dimen148
\totwidth@=\dimen149
\lineht@=\dimen150
\@envbody=\toks20
\multlinegap=\skip52
\multlinetaggap=\skip53
\mathdisplay@stack=\toks21
LaTeX Info: Redefining \[ on input line 2953.
LaTeX Info: Redefining \] on input line 2954.
) (/Users/michaelsieler/Library/TinyTeX/texmf-dist/tex/latex/amsfonts/amssymb.sty
Package: amssymb 2013/01/14 v3.01 AMS font symbols
(/Users/michaelsieler/Library/TinyTeX/texmf-dist/tex/latex/amsfonts/amsfonts.sty
Package: amsfonts 2013/01/14 v3.01 Basic AMSFonts support
\symAMSa=\mathgroup4
\symAMSb=\mathgroup5
LaTeX Font Info:    Redeclaring math symbol \hbar on input line 98.
LaTeX Font Info:    Overwriting math alphabet `\mathfrak' in version `bold'
(Font)                  U/euf/m/n --> U/euf/b/n on input line 106.
)) (/Users/michaelsieler/Library/TinyTeX/texmf-dist/tex/generic/iftex/iftex.sty
Package: iftex 2022/02/03 v1.0f TeX engine tests
) (/Users/michaelsieler/Library/TinyTeX/texmf-dist/tex/latex/base/fontenc.sty
Package: fontenc 2021/04/29 v2.0v Standard LaTeX package
) (/Users/michaelsieler/Library/TinyTeX/texmf-dist/tex/latex/base/inputenc.sty
Package: inputenc 2024/02/08 v1.3d Input encoding file
\inpenc@prehook=\toks22
\inpenc@posthook=\toks23
) (/Users/michaelsieler/Library/TinyTeX/texmf-dist/tex/latex/base/textcomp.sty
Package: textcomp 2024/04/24 v2.1b Standard LaTeX package
) (/Users/michaelsieler/Library/TinyTeX/texmf-dist/tex/latex/lm/lmodern.sty
Package: lmodern 2015/05/01 v1.6.1 Latin Modern Fonts
LaTeX Font Info:    Overwriting symbol font `operators' in version `normal'
(Font)                  OT1/cmr/m/n --> OT1/lmr/m/n on input line 22.
LaTeX Font Info:    Overwriting symbol font `letters' in version `normal'
(Font)                  OML/cmm/m/it --> OML/lmm/m/it on input line 23.
LaTeX Font Info:    Overwriting symbol font `symbols' in version `normal'
(Font)                  OMS/cmsy/m/n --> OMS/lmsy/m/n on input line 24.
LaTeX Font Info:    Overwriting symbol font `largesymbols' in version `normal'
(Font)                  OMX/cmex/m/n --> OMX/lmex/m/n on input line 25.
LaTeX Font Info:    Overwriting symbol font `operators' in version `bold'
(Font)                  OT1/cmr/bx/n --> OT1/lmr/bx/n on input line 26.
LaTeX Font Info:    Overwriting symbol font `letters' in version `bold'
(Font)                  OML/cmm/b/it --> OML/lmm/b/it on input line 27.
LaTeX Font Info:    Overwriting symbol font `symbols' in version `bold'
(Font)                  OMS/cmsy/b/n --> OMS/lmsy/b/n on input line 28.
LaTeX Font Info:    Overwriting symbol font `largesymbols' in version `bold'
(Font)                  OMX/cmex/m/n --> OMX/lmex/m/n on input line 29.
LaTeX Font Info:    Overwriting math alphabet `\mathbf' in version `normal'
(Font)                  OT1/cmr/bx/n --> OT1/lmr/bx/n on input line 31.
LaTeX Font Info:    Overwriting math alphabet `\mathsf' in version `normal'
(Font)                  OT1/cmss/m/n --> OT1/lmss/m/n on input line 32.
LaTeX Font Info:    Overwriting math alphabet `\mathit' in version `normal'
(Font)                  OT1/cmr/m/it --> OT1/lmr/m/it on input line 33.
LaTeX Font Info:    Overwriting math alphabet `\mathtt' in version `normal'
(Font)                  OT1/cmtt/m/n --> OT1/lmtt/m/n on input line 34.
LaTeX Font Info:    Overwriting math alphabet `\mathbf' in version `bold'
(Font)                  OT1/cmr/bx/n --> OT1/lmr/bx/n on input line 35.
LaTeX Font Info:    Overwriting math alphabet `\mathsf' in version `bold'
(Font)                  OT1/cmss/bx/n --> OT1/lmss/bx/n on input line 36.
LaTeX Font Info:    Overwriting math alphabet `\mathit' in version `bold'
(Font)                  OT1/cmr/bx/it --> OT1/lmr/bx/it on input line 37.
LaTeX Font Info:    Overwriting math alphabet `\mathtt' in version `bold'
(Font)                  OT1/cmtt/m/n --> OT1/lmtt/m/n on input line 38.
) (/Users/michaelsieler/Library/TinyTeX/texmf-dist/tex/latex/xcolor/xcolor.sty
Package: xcolor 2023/11/15 v3.01 LaTeX color extensions (UK)
(/Users/michaelsieler/Library/TinyTeX/texmf-dist/tex/latex/graphics-cfg/color.cfg
File: color.cfg 2016/01/02 v1.6 sample color configuration
)
Package xcolor Info: Driver file: pdftex.def on input line 274.
(/Users/michaelsieler/Library/TinyTeX/texmf-dist/tex/latex/graphics-def/pdftex.def
File: pdftex.def 2024/04/13 v1.2c Graphics/color driver for pdftex
) (/Users/michaelsieler/Library/TinyTeX/texmf-dist/tex/latex/graphics/mathcolor.ltx)
Package xcolor Info: Model `cmy' substituted by `cmy0' on input line 1350.
Package xcolor Info: Model `hsb' substituted by `rgb' on input line 1354.
Package xcolor Info: Model `RGB' extended on input line 1366.
Package xcolor Info: Model `HTML' substituted by `rgb' on input line 1368.
Package xcolor Info: Model `Hsb' substituted by `hsb' on input line 1369.
Package xcolor Info: Model `tHsb' substituted by `hsb' on input line 1370.
Package xcolor Info: Model `HSB' substituted by `hsb' on input line 1371.
Package xcolor Info: Model `Gray' substituted by `gray' on input line 1372.
Package xcolor Info: Model `wave' substituted by `hsb' on input line 1373.
) (/Users/michaelsieler/Library/TinyTeX/texmf-dist/tex/latex/geometry/geometry.sty
Package: geometry 2020/01/02 v5.9 Page Geometry
(/Users/michaelsieler/Library/TinyTeX/texmf-dist/tex/latex/graphics/keyval.sty
Package: keyval 2022/05/29 v1.15 key=value parser (DPC)
\KV@toks@=\toks24
) (/Users/michaelsieler/Library/TinyTeX/texmf-dist/tex/generic/iftex/ifvtex.sty
Package: ifvtex 2019/10/25 v1.7 ifvtex legacy package. Use iftex instead.
)
\Gm@cnth=\count280
\Gm@cntv=\count281
\c@Gm@tempcnt=\count282
\Gm@bindingoffset=\dimen151
\Gm@wd@mp=\dimen152
\Gm@odd@mp=\dimen153
\Gm@even@mp=\dimen154
\Gm@layoutwidth=\dimen155
\Gm@layoutheight=\dimen156
\Gm@layouthoffset=\dimen157
\Gm@layoutvoffset=\dimen158
\Gm@dimlist=\toks25
) (/Users/michaelsieler/Library/TinyTeX/texmf-dist/tex/latex/graphics/graphicx.sty
Package: graphicx 2021/09/16 v1.2d Enhanced LaTeX Graphics (DPC,SPQR)
(/Users/michaelsieler/Library/TinyTeX/texmf-dist/tex/latex/graphics/graphics.sty
Package: graphics 2024/05/23 v1.4g Standard LaTeX Graphics (DPC,SPQR)
(/Users/michaelsieler/Library/TinyTeX/texmf-dist/tex/latex/graphics/trig.sty
Package: trig 2023/12/02 v1.11 sin cos tan (DPC)
) (/Users/michaelsieler/Library/TinyTeX/texmf-dist/tex/latex/graphics-cfg/graphics.cfg
File: graphics.cfg 2016/06/04 v1.11 sample graphics configuration
)
Package graphics Info: Driver file: pdftex.def on input line 106.
)
\Gin@req@height=\dimen159
\Gin@req@width=\dimen160
)
\pandoc@box=\box54
(/Users/michaelsieler/Library/TinyTeX/texmf-dist/tex/latex/booktabs/booktabs.sty
Package: booktabs 2020/01/12 v1.61803398 Publication quality tables
\heavyrulewidth=\dimen161
\lightrulewidth=\dimen162
\cmidrulewidth=\dimen163
\belowrulesep=\dimen164
\belowbottomsep=\dimen165
\aboverulesep=\dimen166
\abovetopsep=\dimen167
\cmidrulesep=\dimen168
\cmidrulekern=\dimen169
\defaultaddspace=\dimen170
\@cmidla=\count283
\@cmidlb=\count284
\@aboverulesep=\dimen171
\@belowrulesep=\dimen172
\@thisruleclass=\count285
\@lastruleclass=\count286
\@thisrulewidth=\dimen173
) (/Users/michaelsieler/Library/TinyTeX/texmf-dist/tex/latex/caption/caption.sty
Package: caption 2023/08/05 v3.6o Customizing captions (AR)
(/Users/michaelsieler/Library/TinyTeX/texmf-dist/tex/latex/caption/caption3.sty
Package: caption3 2023/07/31 v2.4d caption3 kernel (AR)
\caption@tempdima=\dimen174
\captionmargin=\dimen175
\caption@leftmargin=\dimen176
\caption@rightmargin=\dimen177
\caption@width=\dimen178
\caption@indent=\dimen179
\caption@parindent=\dimen180
\caption@hangindent=\dimen181
Package caption Info: Standard document class detected.
)
\c@caption@flags=\count287
\c@continuedfloat=\count288
) (/Users/michaelsieler/Library/TinyTeX/texmf-dist/tex/latex/tools/longtable.sty
Package: longtable 2024-04-26 v4.20 Multi-page Table package (DPC)
\LTleft=\skip54
\LTright=\skip55
\LTpre=\skip56
\LTpost=\skip57
\LTchunksize=\count289
\LTcapwidth=\dimen182
\LT@head=\box55
\LT@firsthead=\box56
\LT@foot=\box57
\LT@lastfoot=\box58
\LT@gbox=\box59
\LT@cols=\count290
\LT@rows=\count291
\c@LT@tables=\count292
\c@LT@chunks=\count293
\LT@p@ftn=\toks26
) (/Users/michaelsieler/Library/TinyTeX/texmf-dist/tex/latex/colortbl/colortbl.sty
Package: colortbl 2024/07/06 v1.0i Color table columns (DPC)
(/Users/michaelsieler/Library/TinyTeX/texmf-dist/tex/latex/tools/array.sty
Package: array 2024/06/14 v2.6d Tabular extension package (FMi)
\col@sep=\dimen183
\ar@mcellbox=\box60
\extrarowheight=\dimen184
\NC@list=\toks27
\extratabsurround=\skip58
\backup@length=\skip59
\ar@cellbox=\box61
)
\everycr=\toks28
\minrowclearance=\skip60
\rownum=\count294
) (/Users/michaelsieler/Library/TinyTeX/texmf-dist/tex/latex/bookmark/bookmark.sty
Package: bookmark 2023-12-10 v1.31 PDF bookmarks (HO)
(/Users/michaelsieler/Library/TinyTeX/texmf-dist/tex/latex/hyperref/hyperref.sty
Package: hyperref 2024-07-10 v7.01j Hypertext links for LaTeX
(/Users/michaelsieler/Library/TinyTeX/texmf-dist/tex/latex/kvsetkeys/kvsetkeys.sty
Package: kvsetkeys 2022-10-05 v1.19 Key value parser (HO)
) (/Users/michaelsieler/Library/TinyTeX/texmf-dist/tex/generic/kvdefinekeys/kvdefinekeys.sty
Package: kvdefinekeys 2019-12-19 v1.6 Define keys (HO)
) (/Users/michaelsieler/Library/TinyTeX/texmf-dist/tex/generic/pdfescape/pdfescape.sty
Package: pdfescape 2019/12/09 v1.15 Implements pdfTeX's escape features (HO)
(/Users/michaelsieler/Library/TinyTeX/texmf-dist/tex/generic/ltxcmds/ltxcmds.sty
Package: ltxcmds 2023-12-04 v1.26 LaTeX kernel commands for general use (HO)
) (/Users/michaelsieler/Library/TinyTeX/texmf-dist/tex/generic/pdftexcmds/pdftexcmds.sty
Package: pdftexcmds 2020-06-27 v0.33 Utility functions of pdfTeX for LuaTeX (HO)
(/Users/michaelsieler/Library/TinyTeX/texmf-dist/tex/generic/infwarerr/infwarerr.sty
Package: infwarerr 2019/12/03 v1.5 Providing info/warning/error messages (HO)
)
Package pdftexcmds Info: \pdf@primitive is available.
Package pdftexcmds Info: \pdf@ifprimitive is available.
Package pdftexcmds Info: \pdfdraftmode found.
)) (/Users/michaelsieler/Library/TinyTeX/texmf-dist/tex/latex/hycolor/hycolor.sty
Package: hycolor 2020-01-27 v1.10 Color options for hyperref/bookmark (HO)
) (/Users/michaelsieler/Library/TinyTeX/texmf-dist/tex/latex/hyperref/nameref.sty
Package: nameref 2023-11-26 v2.56 Cross-referencing by name of section
(/Users/michaelsieler/Library/TinyTeX/texmf-dist/tex/latex/refcount/refcount.sty
Package: refcount 2019/12/15 v3.6 Data extraction from label references (HO)
) (/Users/michaelsieler/Library/TinyTeX/texmf-dist/tex/generic/gettitlestring/gettitlestring.sty
Package: gettitlestring 2019/12/15 v1.6 Cleanup title references (HO)
(/Users/michaelsieler/Library/TinyTeX/texmf-dist/tex/latex/kvoptions/kvoptions.sty
Package: kvoptions 2022-06-15 v3.15 Key value format for package options (HO)
))
\c@section@level=\count295
) (/Users/michaelsieler/Library/TinyTeX/texmf-dist/tex/latex/etoolbox/etoolbox.sty
Package: etoolbox 2020/10/05 v2.5k e-TeX tools for LaTeX (JAW)
\etb@tempcnta=\count296
) (/Users/michaelsieler/Library/TinyTeX/texmf-dist/tex/generic/stringenc/stringenc.sty
Package: stringenc 2019/11/29 v1.12 Convert strings between diff. encodings (HO)
)
\@linkdim=\dimen185
\Hy@linkcounter=\count297
\Hy@pagecounter=\count298
(/Users/michaelsieler/Library/TinyTeX/texmf-dist/tex/latex/hyperref/pd1enc.def
File: pd1enc.def 2024-07-10 v7.01j Hyperref: PDFDocEncoding definition (HO)
Now handling font encoding PD1 ...
... no UTF-8 mapping file for font encoding PD1
) (/Users/michaelsieler/Library/TinyTeX/texmf-dist/tex/generic/intcalc/intcalc.sty
Package: intcalc 2019/12/15 v1.3 Expandable calculations with integers (HO)
)
\Hy@SavedSpaceFactor=\count299
(/Users/michaelsieler/Library/TinyTeX/texmf-dist/tex/latex/hyperref/puenc.def
File: puenc.def 2024-07-10 v7.01j Hyperref: PDF Unicode definition (HO)
Now handling font encoding PU ...
... no UTF-8 mapping file for font encoding PU
)
Package hyperref Info: Option `unicode' set `true' on input line 4040.
Package hyperref Info: Hyper figures OFF on input line 4157.
Package hyperref Info: Link nesting OFF on input line 4162.
Package hyperref Info: Hyper index ON on input line 4165.
Package hyperref Info: Plain pages OFF on input line 4172.
Package hyperref Info: Backreferencing OFF on input line 4177.
Package hyperref Info: Implicit mode ON; LaTeX internals redefined.
Package hyperref Info: Bookmarks ON on input line 4424.
\c@Hy@tempcnt=\count300
(/Users/michaelsieler/Library/TinyTeX/texmf-dist/tex/latex/url/url.sty
\Urlmuskip=\muskip18
Package: url 2013/09/16  ver 3.4  Verb mode for urls, etc.
)
LaTeX Info: Redefining \url on input line 4763.
\XeTeXLinkMargin=\dimen186
(/Users/michaelsieler/Library/TinyTeX/texmf-dist/tex/generic/bitset/bitset.sty
Package: bitset 2019/12/09 v1.3 Handle bit-vector datatype (HO)
(/Users/michaelsieler/Library/TinyTeX/texmf-dist/tex/generic/bigintcalc/bigintcalc.sty
Package: bigintcalc 2019/12/15 v1.5 Expandable calculations on big integers (HO)
))
\Fld@menulength=\count301
\Field@Width=\dimen187
\Fld@charsize=\dimen188
Package hyperref Info: Hyper figures OFF on input line 6042.
Package hyperref Info: Link nesting OFF on input line 6047.
Package hyperref Info: Hyper index ON on input line 6050.
Package hyperref Info: backreferencing OFF on input line 6057.
Package hyperref Info: Link coloring OFF on input line 6062.
Package hyperref Info: Link coloring with OCG OFF on input line 6067.
Package hyperref Info: PDF/A mode OFF on input line 6072.
(/Users/michaelsieler/Library/TinyTeX/texmf-dist/tex/latex/base/atbegshi-ltx.sty
Package: atbegshi-ltx 2021/01/10 v1.0c Emulation of the original atbegshi
package with kernel methods
)
\Hy@abspage=\count302
\c@Item=\count303
\c@Hfootnote=\count304
)
Package hyperref Info: Driver (autodetected): hpdftex.
(/Users/michaelsieler/Library/TinyTeX/texmf-dist/tex/latex/hyperref/hpdftex.def
File: hpdftex.def 2024-07-10 v7.01j Hyperref driver for pdfTeX
(/Users/michaelsieler/Library/TinyTeX/texmf-dist/tex/latex/base/atveryend-ltx.sty
Package: atveryend-ltx 2020/08/19 v1.0a Emulation of the original atveryend package
with kernel methods
)
\Fld@listcount=\count305
\c@bookmark@seq@number=\count306
(/Users/michaelsieler/Library/TinyTeX/texmf-dist/tex/latex/rerunfilecheck/rerunfilecheck.sty
Package: rerunfilecheck 2022-07-10 v1.10 Rerun checks for auxiliary files (HO)
(/Users/michaelsieler/Library/TinyTeX/texmf-dist/tex/generic/uniquecounter/uniquecounter.sty
Package: uniquecounter 2019/12/15 v1.4 Provide unlimited unique counter (HO)
)
Package uniquecounter Info: New unique counter `rerunfilecheck' on input line 285.
)
\Hy@SectionHShift=\skip61
) (/Users/michaelsieler/Library/TinyTeX/texmf-dist/tex/latex/bookmark/bkm-pdftex.def
File: bkm-pdftex.def 2023-12-10 v1.31 bookmark driver for pdfTeX and luaTeX (HO)
\BKM@id=\count307
))
LaTeX Font Info:    Trying to load font information for T1+lmr on input line 86.
(/Users/michaelsieler/Library/TinyTeX/texmf-dist/tex/latex/lm/t1lmr.fd
File: t1lmr.fd 2015/05/01 v1.6.1 Font defs for Latin Modern
) (/Users/michaelsieler/Library/TinyTeX/texmf-dist/tex/latex/l3backend/l3backend-pdftex.def
File: l3backend-pdftex.def 2024-05-08 L3 backend support: PDF output (pdfTeX)
\l__color_backend_stack_int=\count308
\l__pdf_internal_box=\box62
)
No file Results_Overview.aux.
\openout1 = `Results_Overview.aux'.

LaTeX Font Info:    Checking defaults for OML/cmm/m/it on input line 86.
LaTeX Font Info:    ... okay on input line 86.
LaTeX Font Info:    Checking defaults for OMS/cmsy/m/n on input line 86.
LaTeX Font Info:    ... okay on input line 86.
LaTeX Font Info:    Checking defaults for OT1/cmr/m/n on input line 86.
LaTeX Font Info:    ... okay on input line 86.
LaTeX Font Info:    Checking defaults for T1/cmr/m/n on input line 86.
LaTeX Font Info:    ... okay on input line 86.
LaTeX Font Info:    Checking defaults for TS1/cmr/m/n on input line 86.
LaTeX Font Info:    ... okay on input line 86.
LaTeX Font Info:    Checking defaults for OMX/cmex/m/n on input line 86.
LaTeX Font Info:    ... okay on input line 86.
LaTeX Font Info:    Checking defaults for U/cmr/m/n on input line 86.
LaTeX Font Info:    ... okay on input line 86.
LaTeX Font Info:    Checking defaults for PD1/pdf/m/n on input line 86.
LaTeX Font Info:    ... okay on input line 86.
LaTeX Font Info:    Checking defaults for PU/pdf/m/n on input line 86.
LaTeX Font Info:    ... okay on input line 86.
(/Users/michaelsieler/Library/TinyTeX/texmf-dist/tex/latex/epstopdf-pkg/epstopdf-base.sty
Package: epstopdf-base 2020-01-24 v2.11 Base part for package epstopdf
Package epstopdf-base Info: Redefining graphics rule for `.eps' on input line 485.
(/Users/michaelsieler/Library/TinyTeX/texmf-dist/tex/latex/latexconfig/epstopdf-sys.cfg
File: epstopdf-sys.cfg 2010/07/13 v1.3 Configuration of (r)epstopdf for TeX Live
))
*geometry* driver: auto-detecting
*geometry* detected driver: pdftex
*geometry* verbose mode - [ preamble ] result:
* driver: pdftex
* paper: <default>
* layout: <same size as paper>
* layoutoffset:(h,v)=(0.0pt,0.0pt)
* modes: 
* h-part:(L,W,R)=(72.26999pt, 469.75502pt, 72.26999pt)
* v-part:(T,H,B)=(72.26999pt, 650.43001pt, 72.26999pt)
* \paperwidth=614.295pt
* \paperheight=794.96999pt
* \textwidth=469.75502pt
* \textheight=650.43001pt
* \oddsidemargin=0.0pt
* \evensidemargin=0.0pt
* \topmargin=-37.0pt
* \headheight=12.0pt
* \headsep=25.0pt
* \topskip=10.0pt
* \footskip=30.0pt
* \marginparwidth=65.0pt
* \marginparsep=11.0pt
* \columnsep=10.0pt
* \skip\footins=9.0pt plus 4.0pt minus 2.0pt
* \hoffset=0.0pt
* \voffset=0.0pt
* \mag=1000
* \@twocolumnfalse
* \@twosidefalse
* \@mparswitchfalse
* \@reversemarginfalse
* (1in=72.27pt=25.4mm, 1cm=28.453pt)

Package caption Info: Begin \AtBeginDocument code.
Package caption Info: hyperref package is loaded.
Package caption Info: longtable package is loaded.
(/Users/michaelsieler/Library/TinyTeX/texmf-dist/tex/latex/caption/ltcaption.sty
Package: ltcaption 2021/01/08 v1.4c longtable captions (AR)
)
Package caption Info: End \AtBeginDocument code.
Package hyperref Info: Link coloring OFF on input line 86.
LaTeX Font Info:    Trying to load font information for OT1+lmr on input line 88.
(/Users/michaelsieler/Library/TinyTeX/texmf-dist/tex/latex/lm/ot1lmr.fd
File: ot1lmr.fd 2015/05/01 v1.6.1 Font defs for Latin Modern
)
LaTeX Font Info:    Trying to load font information for OML+lmm on input line 88.
(/Users/michaelsieler/Library/TinyTeX/texmf-dist/tex/latex/lm/omllmm.fd
File: omllmm.fd 2015/05/01 v1.6.1 Font defs for Latin Modern
)
LaTeX Font Info:    Trying to load font information for OMS+lmsy on input line 88.
(/Users/michaelsieler/Library/TinyTeX/texmf-dist/tex/latex/lm/omslmsy.fd
File: omslmsy.fd 2015/05/01 v1.6.1 Font defs for Latin Modern
)
LaTeX Font Info:    Trying to load font information for OMX+lmex on input line 88.
(/Users/michaelsieler/Library/TinyTeX/texmf-dist/tex/latex/lm/omxlmex.fd
File: omxlmex.fd 2015/05/01 v1.6.1 Font defs for Latin Modern
)
LaTeX Font Info:    External font `lmex10' loaded for size
(Font)              <12> on input line 88.
LaTeX Font Info:    External font `lmex10' loaded for size
(Font)              <8> on input line 88.
LaTeX Font Info:    External font `lmex10' loaded for size
(Font)              <6> on input line 88.
LaTeX Font Info:    Trying to load font information for U+msa on input line 88.
(/Users/michaelsieler/Library/TinyTeX/texmf-dist/tex/latex/amsfonts/umsa.fd
File: umsa.fd 2013/01/14 v3.01 AMS symbols A
)
LaTeX Font Info:    Trying to load font information for U+msb on input line 88.
(/Users/michaelsieler/Library/TinyTeX/texmf-dist/tex/latex/amsfonts/umsb.fd
File: umsb.fd 2013/01/14 v3.01 AMS symbols B
)
No file Results_Overview.toc.
\tf@toc=\write3
\openout3 = `Results_Overview.toc'.

<Manuscript/Main_Figures/Fig1.png, id=4, 1232.532pt x 536.988pt>
File: Manuscript/Main_Figures/Fig1.png Graphic file (type png)
<use Manuscript/Main_Figures/Fig1.png>
Package pdftex.def Info: Manuscript/Main_Figures/Fig1.png  used on input line 98.
(pdftex.def)             Requested size: 5649.34576pt x 2461.35008pt.

Overfull \hbox (5179.59074pt too wide) in paragraph at lines 98--99
[] 
 []



[1

{/Users/michaelsieler/Library/TinyTeX/texmf-var/fonts/map/pdftex/updmap/pdftex.map}{/Users/michaelsieler/Library/TinyTeX/texmf-dist/fonts/enc/dvips/lm/lm-ec.enc}]
Overfull \vbox (1859.33655pt too high) has occurred while \output is active []



[2 <./Manuscript/Main_Figures/Fig1.png>]
LaTeX Font Info:    Trying to load font information for TS1+lmr on input line 103.
(/Users/michaelsieler/Library/TinyTeX/texmf-dist/tex/latex/lm/ts1lmr.fd
File: ts1lmr.fd 2015/05/01 v1.6.1 Font defs for Latin Modern
)
<Results_Overview_files/figure-latex/plots-2A-1.pdf, id=24, 469.755pt x 469.755pt>
File: Results_Overview_files/figure-latex/plots-2A-1.pdf Graphic file (type pdf)
<use Results_Overview_files/figure-latex/plots-2A-1.pdf>
Package pdftex.def Info: Results_Overview_files/figure-latex/plots-2A-1.pdf  used on input line 142.
(pdftex.def)             Requested size: 469.75386pt x 469.75386pt.

Overfull \hbox (28.91481pt too wide) in paragraph at lines 142--143
 []\T1/lmr/bx/n/10 2A)[] [] 
 []



[3{/Users/michaelsieler/Library/TinyTeX/texmf-dist/fonts/enc/dvips/lm/lm-ts1.enc}]
LaTeX Font Info:    External font `lmex10' loaded for size
(Font)              <10> on input line 162.
LaTeX Font Info:    External font `lmex10' loaded for size
(Font)              <7> on input line 162.
LaTeX Font Info:    External font `lmex10' loaded for size
(Font)              <5> on input line 162.
[4{/Users/michaelsieler/Library/TinyTeX/texmf-dist/fonts/enc/dvips/lm/lm-mathsy.enc}{/Users/michaelsieler/Library/TinyTeX/texmf-dist/fonts/enc/dvips/lm/lm-rm.enc}{/Users/michaelsieler/Library/TinyTeX/texmf-dist/fonts/enc/dvips/lm/lm-mathit.enc} <./Results_Overview_files/figure-latex/plots-2A-1.pdf>]
Overfull \hbox (19.0223pt too wide) in alignment at lines 216--248
 [] [] [] [] [] [] [] [] [] 
 []

[5]
<Results_Overview_files/figure-latex/plots-2B-1.pdf, id=57, 469.755pt x 469.755pt>
File: Results_Overview_files/figure-latex/plots-2B-1.pdf Graphic file (type pdf)
<use Results_Overview_files/figure-latex/plots-2B-1.pdf>
Package pdftex.def Info: Results_Overview_files/figure-latex/plots-2B-1.pdf  used on input line 254.
(pdftex.def)             Requested size: 469.75386pt x 469.75386pt.

Overfull \hbox (28.40129pt too wide) in paragraph at lines 254--255
 []\T1/lmr/bx/n/10 2B)[] [] 
 []



[6 <./Results_Overview_files/figure-latex/plots-2B-1.pdf>] [7]
<Results_Overview_files/figure-latex/plots-2C-1.pdf, id=81, 469.755pt x 469.755pt>
File: Results_Overview_files/figure-latex/plots-2C-1.pdf Graphic file (type pdf)
<use Results_Overview_files/figure-latex/plots-2C-1.pdf>
Package pdftex.def Info: Results_Overview_files/figure-latex/plots-2C-1.pdf  used on input line 353.
(pdftex.def)             Requested size: 469.75386pt x 469.75386pt.

Overfull \hbox (28.5268pt too wide) in paragraph at lines 353--354
 []\T1/lmr/bx/n/10 2C)[] [] 
 []



[8 <./Results_Overview_files/figure-latex/plots-2C-1.pdf>] [9]
Overfull \hbox (72.1195pt too wide) in alignment at lines 447--587
 [] [] [] [] [] [] [] [] [] [] [] 
 []

[10] [11]
<Results_Overview_files/figure-latex/plots-2D-1.pdf, id=114, 469.755pt x 469.755pt>
File: Results_Overview_files/figure-latex/plots-2D-1.pdf Graphic file (type pdf)
<use Results_Overview_files/figure-latex/plots-2D-1.pdf>
Package pdftex.def Info: Results_Overview_files/figure-latex/plots-2D-1.pdf  used on input line 593.
(pdftex.def)             Requested size: 469.75386pt x 469.75386pt.

Overfull \hbox (29.0398pt too wide) in paragraph at lines 593--594
 []\T1/lmr/bx/n/10 2D)[] [] 
 []



[12] [13 <./Results_Overview_files/figure-latex/plots-2D-1.pdf>]
Overfull \hbox (30.07706pt too wide) in alignment at lines 666--875
 [] [] [] [] [] [] [] [] [] 
 []


Overfull \hbox (30.07706pt too wide) in alignment at lines 875--998
 [] [] [] [] [] [] [] [] [] 
 []

[14] [15] [16] [17] [18] [19]
<Results_Overview_files/figure-latex/plots-S2A-1.pdf, id=164, 1011.78pt x 469.755pt>
File: Results_Overview_files/figure-latex/plots-S2A-1.pdf Graphic file (type pdf)
<use Results_Overview_files/figure-latex/plots-S2A-1.pdf>
Package pdftex.def Info: Results_Overview_files/figure-latex/plots-S2A-1.pdf  used on input line 1010.
(pdftex.def)             Requested size: 1011.77753pt x 469.75386pt.

Overfull \hbox (30.84064pt too wide) in paragraph at lines 1010--1011
 []\T1/lmr/bx/n/10 S2A[] [] 
 []



[20]
<Results_Overview_files/figure-latex/plots-S2B-1.pdf, id=172, 1011.78pt x 469.755pt>
File: Results_Overview_files/figure-latex/plots-S2B-1.pdf Graphic file (type pdf)
<use Results_Overview_files/figure-latex/plots-S2B-1.pdf>
Package pdftex.def Info: Results_Overview_files/figure-latex/plots-S2B-1.pdf  used on input line 1014.
(pdftex.def)             Requested size: 1011.77753pt x 469.75386pt.

Overfull \hbox (30.32712pt too wide) in paragraph at lines 1014--1015
 []\T1/lmr/bx/n/10 S2B[] [] 
 []

<Results_Overview_files/figure-latex/plots-S2C-1.pdf, id=173, 1011.78pt x 469.755pt>
File: Results_Overview_files/figure-latex/plots-S2C-1.pdf Graphic file (type pdf)
<use Results_Overview_files/figure-latex/plots-S2C-1.pdf>
Package pdftex.def Info: Results_Overview_files/figure-latex/plots-S2C-1.pdf  used on input line 1018.
(pdftex.def)             Requested size: 1011.77753pt x 469.75386pt.

Overfull \hbox (30.45262pt too wide) in paragraph at lines 1018--1019
 []\T1/lmr/bx/n/10 S2C[] [] 
 []



[21 <./Results_Overview_files/figure-latex/plots-S2A-1.pdf> <./Results_Overview_files/figure-latex/plots-S2B-1.pdf>]
<Results_Overview_files/figure-latex/plots-S2D-1.pdf, id=196, 1011.78pt x 469.755pt>
File: Results_Overview_files/figure-latex/plots-S2D-1.pdf Graphic file (type pdf)
<use Results_Overview_files/figure-latex/plots-S2D-1.pdf>
Package pdftex.def Info: Results_Overview_files/figure-latex/plots-S2D-1.pdf  used on input line 1022.
(pdftex.def)             Requested size: 1011.77753pt x 469.75386pt.

Overfull \hbox (30.96562pt too wide) in paragraph at lines 1022--1023
 []\T1/lmr/bx/n/10 S2D[] [] 
 []

<Manuscript/Main_Figures/Fig3A.png, id=197, 241.90375pt x 173.64874pt>
File: Manuscript/Main_Figures/Fig3A.png Graphic file (type png)
<use Manuscript/Main_Figures/Fig3A.png>
Package pdftex.def Info: Manuscript/Main_Figures/Fig3A.png  used on input line 1042.
(pdftex.def)             Requested size: 242.10493pt x 173.80199pt.


[22 <./Results_Overview_files/figure-latex/plots-S2C-1.pdf> <./Results_Overview_files/figure-latex/plots-S2D-1.pdf>]
<Results_Overview_files/figure-latex/plots-3B-1.pdf, id=222, 469.755pt x 469.755pt>
File: Results_Overview_files/figure-latex/plots-3B-1.pdf Graphic file (type pdf)
<use Results_Overview_files/figure-latex/plots-3B-1.pdf>
Package pdftex.def Info: Results_Overview_files/figure-latex/plots-3B-1.pdf  used on input line 1046.
(pdftex.def)             Requested size: 469.75386pt x 469.75386pt.

Overfull \hbox (28.40129pt too wide) in paragraph at lines 1046--1047
 []\T1/lmr/bx/n/10 3B)[] [] 
 []



[23 <./Manuscript/Main_Figures/Fig3A.png>]

[24 <./Results_Overview_files/figure-latex/plots-3B-1.pdf>]
Overfull \hbox (9.73293pt too wide) in alignment at lines 1086--1098
 [] [] [] [] [] [] [] [] [] 
 []



[25]
<Results_Overview_files/figure-latex/plots-S3-MethodCount-1-1.pdf, id=258, 867.24pt x 469.755pt>
File: Results_Overview_files/figure-latex/plots-S3-MethodCount-1-1.pdf Graphic file (type pdf)
<use Results_Overview_files/figure-latex/plots-S3-MethodCount-1-1.pdf>
Package pdftex.def Info: Results_Overview_files/figure-latex/plots-S3-MethodCount-1-1.pdf  used on input line 1155.
(pdftex.def)             Requested size: 867.2379pt x 469.75386pt.

Overfull \hbox (49.51067pt too wide) in paragraph at lines 1155--1156
 []\T1/lmr/bx/n/10 Method[] [] 
 []

<Results_Overview_files/figure-latex/plots-S3-X-1-1.pdf, id=259, 1011.78pt x 469.755pt>
File: Results_Overview_files/figure-latex/plots-S3-X-1-1.pdf Graphic file (type pdf)
<use Results_Overview_files/figure-latex/plots-S3-X-1-1.pdf>
Package pdftex.def Info: Results_Overview_files/figure-latex/plots-S3-X-1-1.pdf  used on input line 1159.
(pdftex.def)             Requested size: 1011.77753pt x 469.75386pt.

Overfull \hbox (43.61845pt too wide) in paragraph at lines 1159--1160
 []\T1/lmr/bx/n/10 S3-X.1[] [] 
 []



[26 <./Results_Overview_files/figure-latex/plots-S3-MethodCount-1-1.pdf> <./Results_Overview_files/figure-latex/plots-S3-X-1-1.pdf>]
Overfull \hbox (63.39944pt too wide) in alignment at lines 1204--1225
 [] [] [] [] [] [] [] [] [] [] 
 []

<Results_Overview_files/figure-latex/plots-S3-X-2-1.pdf, id=283, 1011.78pt x 469.755pt>
File: Results_Overview_files/figure-latex/plots-S3-X-2-1.pdf Graphic file (type pdf)
<use Results_Overview_files/figure-latex/plots-S3-X-2-1.pdf>
Package pdftex.def Info: Results_Overview_files/figure-latex/plots-S3-X-2-1.pdf  used on input line 1229.
(pdftex.def)             Requested size: 1011.77753pt x 469.75386pt.

Overfull \hbox (43.61845pt too wide) in paragraph at lines 1229--1230
 []\T1/lmr/bx/n/10 S3-X.2[] [] 
 []



[27]

[28 <./Results_Overview_files/figure-latex/plots-S3-X-2-1.pdf>]
<Results_Overview_files/figure-latex/plots-4A-1.pdf, id=309, 469.755pt x 469.755pt>
File: Results_Overview_files/figure-latex/plots-4A-1.pdf Graphic file (type pdf)
<use Results_Overview_files/figure-latex/plots-4A-1.pdf>
Package pdftex.def Info: Results_Overview_files/figure-latex/plots-4A-1.pdf  used on input line 1300.
(pdftex.def)             Requested size: 469.75386pt x 469.75386pt.

Overfull \hbox (28.91481pt too wide) in paragraph at lines 1300--1301
 []\T1/lmr/bx/n/10 4A)[] [] 
 []



[29 <./Results_Overview_files/figure-latex/plots-4A-1.pdf>]
Overfull \hbox (19.0223pt too wide) in alignment at lines 1374--1406
 [] [] [] [] [] [] [] [] [] 
 []

[30]
<Results_Overview_files/figure-latex/plots-4B-1.pdf, id=331, 469.755pt x 469.755pt>
File: Results_Overview_files/figure-latex/plots-4B-1.pdf Graphic file (type pdf)
<use Results_Overview_files/figure-latex/plots-4B-1.pdf>
Package pdftex.def Info: Results_Overview_files/figure-latex/plots-4B-1.pdf  used on input line 1412.
(pdftex.def)             Requested size: 469.75386pt x 469.75386pt.

Overfull \hbox (28.40129pt too wide) in paragraph at lines 1412--1413
 []\T1/lmr/bx/n/10 4B)[] [] 
 []



[31] [32 <./Results_Overview_files/figure-latex/plots-4B-1.pdf>]
<Results_Overview_files/figure-latex/plots-4C-1.pdf, id=353, 469.755pt x 469.755pt>
File: Results_Overview_files/figure-latex/plots-4C-1.pdf Graphic file (type pdf)
<use Results_Overview_files/figure-latex/plots-4C-1.pdf>
Package pdftex.def Info: Results_Overview_files/figure-latex/plots-4C-1.pdf  used on input line 1511.
(pdftex.def)             Requested size: 469.75386pt x 469.75386pt.

Overfull \hbox (28.5268pt too wide) in paragraph at lines 1511--1512
 []\T1/lmr/bx/n/10 4C)[] [] 
 []



[33] [34 <./Results_Overview_files/figure-latex/plots-4C-1.pdf>] [35]
Overfull \hbox (72.1195pt too wide) in alignment at lines 1605--1697
 [] [] [] [] [] [] [] [] [] [] [] 
 []

[36]
<Results_Overview_files/figure-latex/plots-4D-1.pdf, id=388, 469.755pt x 469.755pt>
File: Results_Overview_files/figure-latex/plots-4D-1.pdf Graphic file (type pdf)
<use Results_Overview_files/figure-latex/plots-4D-1.pdf>
Package pdftex.def Info: Results_Overview_files/figure-latex/plots-4D-1.pdf  used on input line 1703.
(pdftex.def)             Requested size: 469.75386pt x 469.75386pt.

Overfull \hbox (29.0398pt too wide) in paragraph at lines 1703--1704
 []\T1/lmr/bx/n/10 4D)[] [] 
 []



[37] [38 <./Results_Overview_files/figure-latex/plots-4D-1.pdf>]
Overfull \hbox (30.07706pt too wide) in alignment at lines 1776--1987
 [] [] [] [] [] [] [] [] [] 
 []


Overfull \hbox (30.07706pt too wide) in alignment at lines 1987--1991
 [] [] [] [] [] [] [] [] [] 
 []

[39] [40] [41] [42]
<Results_Overview_files/figure-latex/plots-S4A-1.pdf, id=429, 1011.78pt x 469.755pt>
File: Results_Overview_files/figure-latex/plots-S4A-1.pdf Graphic file (type pdf)
<use Results_Overview_files/figure-latex/plots-S4A-1.pdf>
Package pdftex.def Info: Results_Overview_files/figure-latex/plots-S4A-1.pdf  used on input line 2003.
(pdftex.def)             Requested size: 1011.77753pt x 469.75386pt.

Overfull \hbox (30.84064pt too wide) in paragraph at lines 2003--2004
 []\T1/lmr/bx/n/10 S4A[] [] 
 []



[43]
<Results_Overview_files/figure-latex/plots-S4B-1.pdf, id=438, 1011.78pt x 469.755pt>
File: Results_Overview_files/figure-latex/plots-S4B-1.pdf Graphic file (type pdf)
<use Results_Overview_files/figure-latex/plots-S4B-1.pdf>
Package pdftex.def Info: Results_Overview_files/figure-latex/plots-S4B-1.pdf  used on input line 2007.
(pdftex.def)             Requested size: 1011.77753pt x 469.75386pt.

Overfull \hbox (30.32712pt too wide) in paragraph at lines 2007--2008
 []\T1/lmr/bx/n/10 S4B[] [] 
 []

<Results_Overview_files/figure-latex/plots-S4C-1.pdf, id=439, 1011.78pt x 469.755pt>
File: Results_Overview_files/figure-latex/plots-S4C-1.pdf Graphic file (type pdf)
<use Results_Overview_files/figure-latex/plots-S4C-1.pdf>
Package pdftex.def Info: Results_Overview_files/figure-latex/plots-S4C-1.pdf  used on input line 2011.
(pdftex.def)             Requested size: 1011.77753pt x 469.75386pt.

Overfull \hbox (30.45262pt too wide) in paragraph at lines 2011--2012
 []\T1/lmr/bx/n/10 S4C[] [] 
 []



[44 <./Results_Overview_files/figure-latex/plots-S4A-1.pdf> <./Results_Overview_files/figure-latex/plots-S4B-1.pdf>]
<Results_Overview_files/figure-latex/plots-S4D-1.pdf, id=462, 1011.78pt x 469.755pt>
File: Results_Overview_files/figure-latex/plots-S4D-1.pdf Graphic file (type pdf)
<use Results_Overview_files/figure-latex/plots-S4D-1.pdf>
Package pdftex.def Info: Results_Overview_files/figure-latex/plots-S4D-1.pdf  used on input line 2015.
(pdftex.def)             Requested size: 1011.77753pt x 469.75386pt.

Overfull \hbox (30.96562pt too wide) in paragraph at lines 2015--2016
 []\T1/lmr/bx/n/10 S4D[] [] 
 []



[45 <./Results_Overview_files/figure-latex/plots-S4C-1.pdf> <./Results_Overview_files/figure-latex/plots-S4D-1.pdf>]
<Results_Overview_files/figure-latex/plots-5A-1.pdf, id=487, 469.755pt x 469.755pt>
File: Results_Overview_files/figure-latex/plots-5A-1.pdf Graphic file (type pdf)
<use Results_Overview_files/figure-latex/plots-5A-1.pdf>
Package pdftex.def Info: Results_Overview_files/figure-latex/plots-5A-1.pdf  used on input line 2051.
(pdftex.def)             Requested size: 469.75386pt x 469.75386pt.

Overfull \hbox (28.91481pt too wide) in paragraph at lines 2051--2052
 []\T1/lmr/bx/n/10 5A)[] [] 
 []



[46 <./Results_Overview_files/figure-latex/plots-5A-1.pdf>] [47]
Overfull \hbox (180.232pt too wide) in alignment at lines 2145--2177
 [] [] [] [] [] [] [] [] [] [] [] 
 []

<Results_Overview_files/figure-latex/plots-5B-1.pdf, id=508, 469.755pt x 469.755pt>
File: Results_Overview_files/figure-latex/plots-5B-1.pdf Graphic file (type pdf)
<use Results_Overview_files/figure-latex/plots-5B-1.pdf>
Package pdftex.def Info: Results_Overview_files/figure-latex/plots-5B-1.pdf  used on input line 2183.
(pdftex.def)             Requested size: 469.75386pt x 469.75386pt.

Overfull \hbox (28.40129pt too wide) in paragraph at lines 2183--2184
 []\T1/lmr/bx/n/10 5B)[] [] 
 []



[48] [49 <./Results_Overview_files/figure-latex/plots-5B-1.pdf>]
Overfull \hbox (5.57703pt too wide) in alignment at lines 2256--2318
 [] [] [] [] [] [] [] [] [] 
 []

[50]
<Results_Overview_files/figure-latex/plots-5C-1.pdf, id=538, 469.755pt x 469.755pt>
File: Results_Overview_files/figure-latex/plots-5C-1.pdf Graphic file (type pdf)
<use Results_Overview_files/figure-latex/plots-5C-1.pdf>
Package pdftex.def Info: Results_Overview_files/figure-latex/plots-5C-1.pdf  used on input line 2324.
(pdftex.def)             Requested size: 469.75386pt x 469.75386pt.

Overfull \hbox (28.5268pt too wide) in paragraph at lines 2324--2325
 []\T1/lmr/bx/n/10 5C)[] [] 
 []



[51] [52 <./Results_Overview_files/figure-latex/plots-5C-1.pdf>] [53]
Overfull \hbox (82.61943pt too wide) in alignment at lines 2418--2466
 [] [] [] [] [] [] [] [] [] [] [] 
 []

<Results_Overview_files/figure-latex/plots-5D-1.pdf, id=566, 469.755pt x 469.755pt>
File: Results_Overview_files/figure-latex/plots-5D-1.pdf Graphic file (type pdf)
<use Results_Overview_files/figure-latex/plots-5D-1.pdf>
Package pdftex.def Info: Results_Overview_files/figure-latex/plots-5D-1.pdf  used on input line 2472.
(pdftex.def)             Requested size: 469.75386pt x 469.75386pt.

Overfull \hbox (29.0398pt too wide) in paragraph at lines 2472--2473
 []\T1/lmr/bx/n/10 5D)[] [] 
 []



[54] [55 <./Results_Overview_files/figure-latex/plots-5D-1.pdf>] [56]
<Results_Overview_files/figure-latex/plots-S5A-1.pdf, id=598, 1011.78pt x 469.755pt>
File: Results_Overview_files/figure-latex/plots-S5A-1.pdf Graphic file (type pdf)
<use Results_Overview_files/figure-latex/plots-S5A-1.pdf>
Package pdftex.def Info: Results_Overview_files/figure-latex/plots-S5A-1.pdf  used on input line 2583.
(pdftex.def)             Requested size: 1011.77753pt x 469.75386pt.

Overfull \hbox (30.84064pt too wide) in paragraph at lines 2583--2584
 []\T1/lmr/bx/n/10 S5A[] [] 
 []

<Results_Overview_files/figure-latex/plots-S5B-1.pdf, id=599, 1011.78pt x 469.755pt>
File: Results_Overview_files/figure-latex/plots-S5B-1.pdf Graphic file (type pdf)
<use Results_Overview_files/figure-latex/plots-S5B-1.pdf>
Package pdftex.def Info: Results_Overview_files/figure-latex/plots-S5B-1.pdf  used on input line 2587.
(pdftex.def)             Requested size: 1011.77753pt x 469.75386pt.

Overfull \hbox (30.32712pt too wide) in paragraph at lines 2587--2588
 []\T1/lmr/bx/n/10 S5B[] [] 
 []

<Results_Overview_files/figure-latex/plots-S5C-1.pdf, id=600, 1011.78pt x 469.755pt>
File: Results_Overview_files/figure-latex/plots-S5C-1.pdf Graphic file (type pdf)
<use Results_Overview_files/figure-latex/plots-S5C-1.pdf>
Package pdftex.def Info: Results_Overview_files/figure-latex/plots-S5C-1.pdf  used on input line 2591.
(pdftex.def)             Requested size: 1011.77753pt x 469.75386pt.

Overfull \hbox (30.45262pt too wide) in paragraph at lines 2591--2592
 []\T1/lmr/bx/n/10 S5C[] [] 
 []



[57 <./Results_Overview_files/figure-latex/plots-S5A-1.pdf> <./Results_Overview_files/figure-latex/plots-S5B-1.pdf>]
<Results_Overview_files/figure-latex/plots-S5D-phylogenetic-1.pdf, id=626, 1011.78pt x 469.755pt>
File: Results_Overview_files/figure-latex/plots-S5D-phylogenetic-1.pdf Graphic file (type pdf)
<use Results_Overview_files/figure-latex/plots-S5D-phylogenetic-1.pdf>
Package pdftex.def Info: Results_Overview_files/figure-latex/plots-S5D-phylogenetic-1.pdf  used on input line 2600.
(pdftex.def)             Requested size: 1011.77753pt x 469.75386pt.

Overfull \hbox (74.41064pt too wide) in paragraph at lines 2600--2601
 []\T1/lmr/bx/n/10 Phylogenetic[] [] 
 []

[58 <./Results_Overview_files/figure-latex/plots-S5C-1.pdf> <./Results_Overview_files/figure-latex/plots-S5D-phylogenetic-1.pdf>]
<Results_Overview_files/figure-latex/plots-S5D-richness-1.pdf, id=656, 1011.78pt x 469.755pt>
File: Results_Overview_files/figure-latex/plots-S5D-richness-1.pdf Graphic file (type pdf)
<use Results_Overview_files/figure-latex/plots-S5D-richness-1.pdf>
Package pdftex.def Info: Results_Overview_files/figure-latex/plots-S5D-richness-1.pdf  used on input line 2644.
(pdftex.def)             Requested size: 1011.77753pt x 469.75386pt.

Overfull \hbox (53.73969pt too wide) in paragraph at lines 2644--2645
 []\T1/lmr/bx/n/10 Richness[] [] 
 []



[59 <./Results_Overview_files/figure-latex/plots-S5D-richness-1.pdf>]
<Results_Overview_files/figure-latex/plots-S5D-shannon-1.pdf, id=675, 1011.78pt x 469.755pt>
File: Results_Overview_files/figure-latex/plots-S5D-shannon-1.pdf Graphic file (type pdf)
<use Results_Overview_files/figure-latex/plots-S5D-shannon-1.pdf>
Package pdftex.def Info: Results_Overview_files/figure-latex/plots-S5D-shannon-1.pdf  used on input line 2688.
(pdftex.def)             Requested size: 1011.77753pt x 469.75386pt.

Overfull \hbox (53.29266pt too wide) in paragraph at lines 2688--2689
 []\T1/lmr/bx/n/10 Shannon[] [] 
 []

[60 <./Results_Overview_files/figure-latex/plots-S5D-shannon-1.pdf>]
<Results_Overview_files/figure-latex/plots-S5D-simpsons-1.pdf, id=695, 1011.78pt x 469.755pt>
File: Results_Overview_files/figure-latex/plots-S5D-simpsons-1.pdf Graphic file (type pdf)
<use Results_Overview_files/figure-latex/plots-S5D-simpsons-1.pdf>
Package pdftex.def Info: Results_Overview_files/figure-latex/plots-S5D-simpsons-1.pdf  used on input line 2732.
(pdftex.def)             Requested size: 1011.77753pt x 469.75386pt.

Overfull \hbox (56.77414pt too wide) in paragraph at lines 2732--2733
 []\T1/lmr/bx/n/10 Simpsons[] [] 
 []

[61 <./Results_Overview_files/figure-latex/plots-S5D-simpsons-1.pdf>]

[62]
<Results_Overview_files/figure-latex/plots-6A-1.pdf, id=725, 469.755pt x 469.755pt>
File: Results_Overview_files/figure-latex/plots-6A-1.pdf Graphic file (type pdf)
<use Results_Overview_files/figure-latex/plots-6A-1.pdf>
Package pdftex.def Info: Results_Overview_files/figure-latex/plots-6A-1.pdf  used on input line 2914.
(pdftex.def)             Requested size: 469.75386pt x 469.75386pt.

Overfull \hbox (28.91481pt too wide) in paragraph at lines 2914--2915
 []\T1/lmr/bx/n/10 6A)[] [] 
 []



[63] [64 <./Results_Overview_files/figure-latex/plots-6A-1.pdf>] [65]
Overfull \hbox (115.78584pt too wide) in alignment at lines 3008--3040
 [] [] [] [] [] [] [] [] [] [] [] 
 []

<Results_Overview_files/figure-latex/plots-6B-1.pdf, id=756, 469.755pt x 469.755pt>
File: Results_Overview_files/figure-latex/plots-6B-1.pdf Graphic file (type pdf)
<use Results_Overview_files/figure-latex/plots-6B-1.pdf>
Package pdftex.def Info: Results_Overview_files/figure-latex/plots-6B-1.pdf  used on input line 3046.
(pdftex.def)             Requested size: 469.75386pt x 469.75386pt.

Overfull \hbox (28.40129pt too wide) in paragraph at lines 3046--3047
 []\T1/lmr/bx/n/10 6B)[] [] 
 []



[66] [67 <./Results_Overview_files/figure-latex/plots-6B-1.pdf>] [68]
Overfull \hbox (115.78584pt too wide) in alignment at lines 3140--3172
 [] [] [] [] [] [] [] [] [] [] [] 
 []

<Results_Overview_files/figure-latex/plots-6C-1.pdf, id=786, 469.755pt x 469.755pt>
File: Results_Overview_files/figure-latex/plots-6C-1.pdf Graphic file (type pdf)
<use Results_Overview_files/figure-latex/plots-6C-1.pdf>
Package pdftex.def Info: Results_Overview_files/figure-latex/plots-6C-1.pdf  used on input line 3178.
(pdftex.def)             Requested size: 469.75386pt x 469.75386pt.

Overfull \hbox (28.5268pt too wide) in paragraph at lines 3178--3179
 []\T1/lmr/bx/n/10 6C)[] [] 
 []



[69] [70 <./Results_Overview_files/figure-latex/plots-6C-1.pdf>]
Overfull \hbox (43.6884pt too wide) in alignment at lines 3251--3313
 [] [] [] [] [] [] [] [] [] 
 []

[71]
<Results_Overview_files/figure-latex/plots-6D-1.pdf, id=815, 469.755pt x 469.755pt>
File: Results_Overview_files/figure-latex/plots-6D-1.pdf Graphic file (type pdf)
<use Results_Overview_files/figure-latex/plots-6D-1.pdf>
Package pdftex.def Info: Results_Overview_files/figure-latex/plots-6D-1.pdf  used on input line 3319.
(pdftex.def)             Requested size: 469.75386pt x 469.75386pt.

Overfull \hbox (29.0398pt too wide) in paragraph at lines 3319--3320
 []\T1/lmr/bx/n/10 6D)[] [] 
 []



[72] [73 <./Results_Overview_files/figure-latex/plots-6D-1.pdf>]
Overfull \hbox (51.96616pt too wide) in alignment at lines 3392--3454
 [] [] [] [] [] [] [] [] [] 
 []

[74]
<Results_Overview_files/figure-latex/plots-S6A-1.pdf, id=844, 1011.78pt x 469.755pt>
File: Results_Overview_files/figure-latex/plots-S6A-1.pdf Graphic file (type pdf)
<use Results_Overview_files/figure-latex/plots-S6A-1.pdf>
Package pdftex.def Info: Results_Overview_files/figure-latex/plots-S6A-1.pdf  used on input line 3466.
(pdftex.def)             Requested size: 1011.77753pt x 469.75386pt.

Overfull \hbox (30.84064pt too wide) in paragraph at lines 3466--3467
 []\T1/lmr/bx/n/10 S6A[] [] 
 []



[75]
<Results_Overview_files/figure-latex/plots-S6B-1.pdf, id=852, 1011.78pt x 469.755pt>
File: Results_Overview_files/figure-latex/plots-S6B-1.pdf Graphic file (type pdf)
<use Results_Overview_files/figure-latex/plots-S6B-1.pdf>
Package pdftex.def Info: Results_Overview_files/figure-latex/plots-S6B-1.pdf  used on input line 3470.
(pdftex.def)             Requested size: 1011.77753pt x 469.75386pt.

Overfull \hbox (30.32712pt too wide) in paragraph at lines 3470--3471
 []\T1/lmr/bx/n/10 S6B[] [] 
 []

<Results_Overview_files/figure-latex/plots-S6C-1.pdf, id=853, 1011.78pt x 469.755pt>
File: Results_Overview_files/figure-latex/plots-S6C-1.pdf Graphic file (type pdf)
<use Results_Overview_files/figure-latex/plots-S6C-1.pdf>
Package pdftex.def Info: Results_Overview_files/figure-latex/plots-S6C-1.pdf  used on input line 3474.
(pdftex.def)             Requested size: 1011.77753pt x 469.75386pt.

Overfull \hbox (30.45262pt too wide) in paragraph at lines 3474--3475
 []\T1/lmr/bx/n/10 S6C[] [] 
 []



[76 <./Results_Overview_files/figure-latex/plots-S6A-1.pdf> <./Results_Overview_files/figure-latex/plots-S6B-1.pdf>]
<Results_Overview_files/figure-latex/plots-6C.1_byTemp-1.pdf, id=878, 469.755pt x 289.08pt>
File: Results_Overview_files/figure-latex/plots-6C.1_byTemp-1.pdf Graphic file (type pdf)
<use Results_Overview_files/figure-latex/plots-6C.1_byTemp-1.pdf>
Package pdftex.def Info: Results_Overview_files/figure-latex/plots-6C.1_byTemp-1.pdf  used on input line 3485.
(pdftex.def)             Requested size: 469.75386pt x 289.07928pt.
<Results_Overview_files/figure-latex/plots-6C.1_byTemp-2.pdf, id=879, 469.755pt x 289.08pt>
File: Results_Overview_files/figure-latex/plots-6C.1_byTemp-2.pdf Graphic file (type pdf)
<use Results_Overview_files/figure-latex/plots-6C.1_byTemp-2.pdf>
Package pdftex.def Info: Results_Overview_files/figure-latex/plots-6C.1_byTemp-2.pdf  used on input line 3486.
(pdftex.def)             Requested size: 469.75386pt x 289.07928pt.
<Results_Overview_files/figure-latex/plots-6C.1_byTemp-3.pdf, id=880, 469.755pt x 289.08pt>
File: Results_Overview_files/figure-latex/plots-6C.1_byTemp-3.pdf Graphic file (type pdf)
<use Results_Overview_files/figure-latex/plots-6C.1_byTemp-3.pdf>
Package pdftex.def Info: Results_Overview_files/figure-latex/plots-6C.1_byTemp-3.pdf  used on input line 3487.
(pdftex.def)             Requested size: 469.75386pt x 289.07928pt.

Underfull \hbox (badness 10000) in paragraph at lines 3485--3488
[][]
 []


Underfull \hbox (badness 10000) in paragraph at lines 3485--3488
[]
 []



[77 <./Results_Overview_files/figure-latex/plots-S6C-1.pdf> <./Results_Overview_files/figure-latex/plots-6C.1_byTemp-1.pdf>]

[78 <./Results_Overview_files/figure-latex/plots-6C.1_byTemp-2.pdf> <./Results_Overview_files/figure-latex/plots-6C.1_byTemp-3.pdf>] [79]
<Results_Overview_files/figure-latex/plots-S6D-1.pdf, id=936, 1011.78pt x 469.755pt>
File: Results_Overview_files/figure-latex/plots-S6D-1.pdf Graphic file (type pdf)
<use Results_Overview_files/figure-latex/plots-S6D-1.pdf>
Package pdftex.def Info: Results_Overview_files/figure-latex/plots-S6D-1.pdf  used on input line 3577.
(pdftex.def)             Requested size: 1011.77753pt x 469.75386pt.

Overfull \hbox (30.96562pt too wide) in paragraph at lines 3577--3578
 []\T1/lmr/bx/n/10 S6D[] [] 
 []

<Results_Overview_files/figure-latex/plots-6D.1_byTemp-1.pdf, id=937, 469.755pt x 289.08pt>
File: Results_Overview_files/figure-latex/plots-6D.1_byTemp-1.pdf Graphic file (type pdf)
<use Results_Overview_files/figure-latex/plots-6D.1_byTemp-1.pdf>
Package pdftex.def Info: Results_Overview_files/figure-latex/plots-6D.1_byTemp-1.pdf  used on input line 3588.
(pdftex.def)             Requested size: 469.75386pt x 289.07928pt.
<Results_Overview_files/figure-latex/plots-6D.1_byTemp-2.pdf, id=938, 469.755pt x 289.08pt>
File: Results_Overview_files/figure-latex/plots-6D.1_byTemp-2.pdf Graphic file (type pdf)
<use Results_Overview_files/figure-latex/plots-6D.1_byTemp-2.pdf>
Package pdftex.def Info: Results_Overview_files/figure-latex/plots-6D.1_byTemp-2.pdf  used on input line 3589.
(pdftex.def)             Requested size: 469.75386pt x 289.07928pt.
<Results_Overview_files/figure-latex/plots-6D.1_byTemp-3.pdf, id=939, 469.755pt x 289.08pt>
File: Results_Overview_files/figure-latex/plots-6D.1_byTemp-3.pdf Graphic file (type pdf)
<use Results_Overview_files/figure-latex/plots-6D.1_byTemp-3.pdf>
Package pdftex.def Info: Results_Overview_files/figure-latex/plots-6D.1_byTemp-3.pdf  used on input line 3590.
(pdftex.def)             Requested size: 469.75386pt x 289.07928pt.

Underfull \hbox (badness 10000) in paragraph at lines 3588--3591
[][]
 []


Underfull \hbox (badness 10000) in paragraph at lines 3588--3591
[]
 []



[80 <./Results_Overview_files/figure-latex/plots-S6D-1.pdf>]

[81 <./Results_Overview_files/figure-latex/plots-6D.1_byTemp-1.pdf> <./Results_Overview_files/figure-latex/plots-6D.1_byTemp-2.pdf>] [82 <./Results_Overview_files/figure-latex/plots-6D.1_byTemp-3.pdf>]
Overfull \hbox (207.39539pt too wide) in alignment at lines 3694--3790
 [] [] [] [] [] [] [] [] 
 []

[83] [84]
\holdLTleft=\skip62
\holdLTright=\skip63

Overfull \hbox (422.77666pt too wide) detected at line 3808
 [] 
 []


Overfull \hbox (348.63577pt too wide) in alignment at lines 3804--4057
 [] [] [] [] [] [] [] [] 
 []


Overfull \hbox (348.63577pt too wide) in alignment at lines 4057--4151
 [] [] [] [] [] [] [] [] 
 []

[85] [86] [87] [88] [89] [90]

! LaTeX Error: Command \holdLTleft already defined.
               Or name \end... illegal, see p.192 of the manual.

See the LaTeX manual or LaTeX Companion for explanation.
Type  H <return>  for immediate help.
 ...                                              
                                                  
l.4157 \newlength\holdLTleft
                            \newlength\holdLTright\setlength\holdLTleft{\LTl... 
Here is how much of TeX's memory you used:
 13427 strings out of 475539
 226235 string characters out of 5776665
 2176957 words of memory out of 5000000
 35604 multiletter control sequences out of 15000+600000
 607479 words of font info for 77 fonts, out of 8000000 for 9000
 14 hyphenation exceptions out of 8191
 89i,10n,93p,540b,591s stack positions out of 10000i,1000n,20000p,200000b,200000s

!  ==> Fatal error occurred, no output PDF file produced!
