2025-06-25 12:35:22.373977 INFO::Writing function arguments to log file
2025-06-25 12:35:22.37538 DEBUG::Function arguments
2025-06-25 12:35:22.375795 DEBUG::Output folder: /Users/michaelsieler/Dropbox/Mac (2)/Documents/Sharpton_Lab/Projects_Repository/Rules_of_Life/Sieler2024__ZF_Temperature_Parasite/Results/Tables/MaAsLin2/32__TREAT_PATH_WORM
2025-06-25 12:35:22.376095 DEBUG::Min Abundance: 0.000000
2025-06-25 12:35:22.376388 DEBUG::Min Prevalence: 0.000000
2025-06-25 12:35:22.37666 DEBUG::Normalization: TSS
2025-06-25 12:35:22.376929 DEBUG::Transform: LOG
2025-06-25 12:35:22.377204 DEBUG::Analysis method: LM
2025-06-25 12:35:22.377469 DEBUG::Max significance: 0.250000
2025-06-25 12:35:22.377793 DEBUG::Random effects:
2025-06-25 12:35:22.378577 DEBUG::Fixed effects: Treatment,Pathology.Results,Total.Worm.Count
2025-06-25 12:35:22.378978 DEBUG::Correction method: BH
2025-06-25 12:35:22.3793 DEBUG::Standardize: FALSE
2025-06-25 12:35:22.379593 DEBUG::Cores: 8
2025-06-25 12:35:22.379876 INFO::Verifying options selected are valid
2025-06-25 12:35:22.380843 INFO::Determining format of input files
2025-06-25 12:35:22.381661 INFO::Input format is data samples as rows and metadata samples as rows
2025-06-25 12:35:22.383484 DEBUG::A total of 89 samples were found in both the data and metadata
2025-06-25 12:35:22.383789 DEBUG::Reordering data/metadata to use same sample ordering
2025-06-25 12:35:22.387108 INFO::Formula for fixed effects: expr ~  Treatment + Pathology.Results + Total.Worm.Count
2025-06-25 12:35:22.389052 INFO::Filter data based on min abundance and min prevalence
2025-06-25 12:35:22.390149 INFO::Total samples in data: 89
2025-06-25 12:35:22.391127 INFO::Min samples required with min abundance for a feature not to be filtered: 0.000000
2025-06-25 12:35:22.39641 INFO::Total filtered features: 0
2025-06-25 12:35:22.397692 INFO::Filtered feature names from abundance and prevalence filtering:
2025-06-25 12:35:22.414627 INFO::Total filtered features with variance filtering: 0
2025-06-25 12:35:22.415843 INFO::Filtered feature names from variance filtering:
2025-06-25 12:35:22.41668 INFO::Running selected normalization method: TSS
2025-06-25 12:35:22.422079 INFO::Bypass z-score application to metadata
2025-06-25 12:35:22.423106 INFO::Running selected transform method: LOG
2025-06-25 12:35:22.430972 INFO::Running selected analysis method: LM
2025-06-25 12:35:22.4324 INFO::Creating cluster of 8 R processes
2025-06-25 12:35:30.236983 INFO::Counting total values for each feature
2025-06-25 12:35:30.30905 INFO::Writing filtered data to file /Users/michaelsieler/Dropbox/Mac (2)/Documents/Sharpton_Lab/Projects_Repository/Rules_of_Life/Sieler2024__ZF_Temperature_Parasite/Results/Tables/MaAsLin2/32__TREAT_PATH_WORM/features/filtered_data.tsv
2025-06-25 12:35:30.322908 INFO::Writing filtered, normalized data to file /Users/michaelsieler/Dropbox/Mac (2)/Documents/Sharpton_Lab/Projects_Repository/Rules_of_Life/Sieler2024__ZF_Temperature_Parasite/Results/Tables/MaAsLin2/32__TREAT_PATH_WORM/features/filtered_data_norm.tsv
2025-06-25 12:35:30.353541 INFO::Writing filtered, normalized, transformed data to file /Users/michaelsieler/Dropbox/Mac (2)/Documents/Sharpton_Lab/Projects_Repository/Rules_of_Life/Sieler2024__ZF_Temperature_Parasite/Results/Tables/MaAsLin2/32__TREAT_PATH_WORM/features/filtered_data_norm_transformed.tsv
2025-06-25 12:35:30.4212 WARNING::Deleting existing residuals file: /Users/michaelsieler/Dropbox/Mac (2)/Documents/Sharpton_Lab/Projects_Repository/Rules_of_Life/Sieler2024__ZF_Temperature_Parasite/Results/Tables/MaAsLin2/32__TREAT_PATH_WORM/fits/residuals.rds
2025-06-25 12:35:30.62401 INFO::Writing residuals to file /Users/michaelsieler/Dropbox/Mac (2)/Documents/Sharpton_Lab/Projects_Repository/Rules_of_Life/Sieler2024__ZF_Temperature_Parasite/Results/Tables/MaAsLin2/32__TREAT_PATH_WORM/fits/residuals.rds
2025-06-25 12:35:30.629649 WARNING::Deleting existing fitted file: /Users/michaelsieler/Dropbox/Mac (2)/Documents/Sharpton_Lab/Projects_Repository/Rules_of_Life/Sieler2024__ZF_Temperature_Parasite/Results/Tables/MaAsLin2/32__TREAT_PATH_WORM/fits/fitted.rds
2025-06-25 12:35:30.631156 INFO::Writing fitted values to file /Users/michaelsieler/Dropbox/Mac (2)/Documents/Sharpton_Lab/Projects_Repository/Rules_of_Life/Sieler2024__ZF_Temperature_Parasite/Results/Tables/MaAsLin2/32__TREAT_PATH_WORM/fits/fitted.rds
2025-06-25 12:35:30.634529 INFO::Writing all results to file (ordered by increasing q-values): /Users/michaelsieler/Dropbox/Mac (2)/Documents/Sharpton_Lab/Projects_Repository/Rules_of_Life/Sieler2024__ZF_Temperature_Parasite/Results/Tables/MaAsLin2/32__TREAT_PATH_WORM/all_results.tsv
2025-06-25 12:35:30.650422 INFO::Writing the significant results (those which are less than or equal to the threshold of 0.250000 ) to file (ordered by increasing q-values): /Users/michaelsieler/Dropbox/Mac (2)/Documents/Sharpton_Lab/Projects_Repository/Rules_of_Life/Sieler2024__ZF_Temperature_Parasite/Results/Tables/MaAsLin2/32__TREAT_PATH_WORM/significant_results.tsv
2025-06-25 12:35:30.654531 INFO::Writing heatmap of significant results to file: /Users/michaelsieler/Dropbox/Mac (2)/Documents/Sharpton_Lab/Projects_Repository/Rules_of_Life/Sieler2024__ZF_Temperature_Parasite/Results/Tables/MaAsLin2/32__TREAT_PATH_WORM/heatmap.pdf
