2025-06-25 12:35:02.013005 INFO::Writing function arguments to log file
2025-06-25 12:35:02.014216 DEBUG::Function arguments
2025-06-25 12:35:02.014522 DEBUG::Output folder: /Users/michaelsieler/Dropbox/Mac (2)/Documents/Sharpton_Lab/Projects_Repository/Rules_of_Life/Sieler2024__ZF_Temperature_Parasite/Results/Tables/MaAsLin2/Exp__WORM
2025-06-25 12:35:02.014816 DEBUG::Min Abundance: 0.000000
2025-06-25 12:35:02.015096 DEBUG::Min Prevalence: 0.000000
2025-06-25 12:35:02.015368 DEBUG::Normalization: TSS
2025-06-25 12:35:02.015646 DEBUG::Transform: LOG
2025-06-25 12:35:02.015908 DEBUG::Analysis method: LM
2025-06-25 12:35:02.016175 DEBUG::Max significance: 0.250000
2025-06-25 12:35:02.016441 DEBUG::Random effects:
2025-06-25 12:35:02.016726 DEBUG::Fixed effects: Total.Worm.Count
2025-06-25 12:35:02.017017 DEBUG::Correction method: BH
2025-06-25 12:35:02.017353 DEBUG::Standardize: FALSE
2025-06-25 12:35:02.017756 DEBUG::Cores: 8
2025-06-25 12:35:02.018056 INFO::Verifying options selected are valid
2025-06-25 12:35:02.018982 INFO::Determining format of input files
2025-06-25 12:35:02.019829 INFO::Input format is data samples as rows and metadata samples as rows
2025-06-25 12:35:02.022043 DEBUG::A total of 119 samples were found in both the data and metadata
2025-06-25 12:35:02.022505 DEBUG::Reordering data/metadata to use same sample ordering
2025-06-25 12:35:02.025779 INFO::Formula for fixed effects: expr ~  Total.Worm.Count
2025-06-25 12:35:02.026722 INFO::Filter data based on min abundance and min prevalence
2025-06-25 12:35:02.027689 INFO::Total samples in data: 119
2025-06-25 12:35:02.028744 INFO::Min samples required with min abundance for a feature not to be filtered: 0.000000
2025-06-25 12:35:02.034009 INFO::Total filtered features: 0
2025-06-25 12:35:02.035025 INFO::Filtered feature names from abundance and prevalence filtering:
2025-06-25 12:35:02.055677 INFO::Total filtered features with variance filtering: 0
2025-06-25 12:35:02.05706 INFO::Filtered feature names from variance filtering:
2025-06-25 12:35:02.058106 INFO::Running selected normalization method: TSS
2025-06-25 12:35:02.064994 INFO::Bypass z-score application to metadata
2025-06-25 12:35:02.066071 INFO::Running selected transform method: LOG
2025-06-25 12:35:02.074687 INFO::Running selected analysis method: LM
2025-06-25 12:35:02.075816 INFO::Creating cluster of 8 R processes
2025-06-25 12:35:10.799321 INFO::Counting total values for each feature
2025-06-25 12:35:10.817962 INFO::Writing filtered data to file /Users/michaelsieler/Dropbox/Mac (2)/Documents/Sharpton_Lab/Projects_Repository/Rules_of_Life/Sieler2024__ZF_Temperature_Parasite/Results/Tables/MaAsLin2/Exp__WORM/features/filtered_data.tsv
2025-06-25 12:35:10.842147 INFO::Writing filtered, normalized data to file /Users/michaelsieler/Dropbox/Mac (2)/Documents/Sharpton_Lab/Projects_Repository/Rules_of_Life/Sieler2024__ZF_Temperature_Parasite/Results/Tables/MaAsLin2/Exp__WORM/features/filtered_data_norm.tsv
2025-06-25 12:35:10.885036 INFO::Writing filtered, normalized, transformed data to file /Users/michaelsieler/Dropbox/Mac (2)/Documents/Sharpton_Lab/Projects_Repository/Rules_of_Life/Sieler2024__ZF_Temperature_Parasite/Results/Tables/MaAsLin2/Exp__WORM/features/filtered_data_norm_transformed.tsv
2025-06-25 12:35:10.983111 WARNING::Deleting existing residuals file: /Users/michaelsieler/Dropbox/Mac (2)/Documents/Sharpton_Lab/Projects_Repository/Rules_of_Life/Sieler2024__ZF_Temperature_Parasite/Results/Tables/MaAsLin2/Exp__WORM/fits/residuals.rds
2025-06-25 12:35:10.984965 INFO::Writing residuals to file /Users/michaelsieler/Dropbox/Mac (2)/Documents/Sharpton_Lab/Projects_Repository/Rules_of_Life/Sieler2024__ZF_Temperature_Parasite/Results/Tables/MaAsLin2/Exp__WORM/fits/residuals.rds
2025-06-25 12:35:10.992555 WARNING::Deleting existing fitted file: /Users/michaelsieler/Dropbox/Mac (2)/Documents/Sharpton_Lab/Projects_Repository/Rules_of_Life/Sieler2024__ZF_Temperature_Parasite/Results/Tables/MaAsLin2/Exp__WORM/fits/fitted.rds
2025-06-25 12:35:10.993854 INFO::Writing fitted values to file /Users/michaelsieler/Dropbox/Mac (2)/Documents/Sharpton_Lab/Projects_Repository/Rules_of_Life/Sieler2024__ZF_Temperature_Parasite/Results/Tables/MaAsLin2/Exp__WORM/fits/fitted.rds
2025-06-25 12:35:10.998682 INFO::Writing all results to file (ordered by increasing q-values): /Users/michaelsieler/Dropbox/Mac (2)/Documents/Sharpton_Lab/Projects_Repository/Rules_of_Life/Sieler2024__ZF_Temperature_Parasite/Results/Tables/MaAsLin2/Exp__WORM/all_results.tsv
2025-06-25 12:35:11.003309 INFO::Writing the significant results (those which are less than or equal to the threshold of 0.250000 ) to file (ordered by increasing q-values): /Users/michaelsieler/Dropbox/Mac (2)/Documents/Sharpton_Lab/Projects_Repository/Rules_of_Life/Sieler2024__ZF_Temperature_Parasite/Results/Tables/MaAsLin2/Exp__WORM/significant_results.tsv
2025-06-25 12:35:11.006181 INFO::Writing heatmap of significant results to file: /Users/michaelsieler/Dropbox/Mac (2)/Documents/Sharpton_Lab/Projects_Repository/Rules_of_Life/Sieler2024__ZF_Temperature_Parasite/Results/Tables/MaAsLin2/Exp__WORM/heatmap.pdf
