2025-06-25 12:35:12.616684 INFO::Writing function arguments to log file
2025-06-25 12:35:12.618037 DEBUG::Function arguments
2025-06-25 12:35:12.618502 DEBUG::Output folder: /Users/michaelsieler/Dropbox/Mac (2)/Documents/Sharpton_Lab/Projects_Repository/Rules_of_Life/Sieler2024__ZF_Temperature_Parasite/Results/Tables/MaAsLin2/28__TREAT_PATH_WORM
2025-06-25 12:35:12.618929 DEBUG::Min Abundance: 0.000000
2025-06-25 12:35:12.619345 DEBUG::Min Prevalence: 0.000000
2025-06-25 12:35:12.619688 DEBUG::Normalization: TSS
2025-06-25 12:35:12.620042 DEBUG::Transform: LOG
2025-06-25 12:35:12.620388 DEBUG::Analysis method: LM
2025-06-25 12:35:12.620721 DEBUG::Max significance: 0.250000
2025-06-25 12:35:12.621027 DEBUG::Random effects:
2025-06-25 12:35:12.621357 DEBUG::Fixed effects: Treatment,Pathology.Results,Total.Worm.Count
2025-06-25 12:35:12.622122 DEBUG::Correction method: BH
2025-06-25 12:35:12.622476 DEBUG::Standardize: FALSE
2025-06-25 12:35:12.622808 DEBUG::Cores: 8
2025-06-25 12:35:12.626341 INFO::Verifying options selected are valid
2025-06-25 12:35:12.627387 INFO::Determining format of input files
2025-06-25 12:35:12.628191 INFO::Input format is data samples as rows and metadata samples as rows
2025-06-25 12:35:12.62995 DEBUG::A total of 82 samples were found in both the data and metadata
2025-06-25 12:35:12.630244 DEBUG::Reordering data/metadata to use same sample ordering
2025-06-25 12:35:12.633662 INFO::Formula for fixed effects: expr ~  Treatment + Pathology.Results + Total.Worm.Count
2025-06-25 12:35:12.635454 INFO::Filter data based on min abundance and min prevalence
2025-06-25 12:35:12.636723 INFO::Total samples in data: 82
2025-06-25 12:35:12.637621 INFO::Min samples required with min abundance for a feature not to be filtered: 0.000000
2025-06-25 12:35:12.642532 INFO::Total filtered features: 0
2025-06-25 12:35:12.643549 INFO::Filtered feature names from abundance and prevalence filtering:
2025-06-25 12:35:12.659072 INFO::Total filtered features with variance filtering: 0
2025-06-25 12:35:12.660208 INFO::Filtered feature names from variance filtering:
2025-06-25 12:35:12.660978 INFO::Running selected normalization method: TSS
2025-06-25 12:35:12.667612 INFO::Bypass z-score application to metadata
2025-06-25 12:35:12.668814 INFO::Running selected transform method: LOG
2025-06-25 12:35:12.676329 INFO::Running selected analysis method: LM
2025-06-25 12:35:12.677416 INFO::Creating cluster of 8 R processes
2025-06-25 12:35:20.32333 INFO::Counting total values for each feature
2025-06-25 12:35:20.366568 INFO::Writing filtered data to file /Users/michaelsieler/Dropbox/Mac (2)/Documents/Sharpton_Lab/Projects_Repository/Rules_of_Life/Sieler2024__ZF_Temperature_Parasite/Results/Tables/MaAsLin2/28__TREAT_PATH_WORM/features/filtered_data.tsv
2025-06-25 12:35:20.379903 INFO::Writing filtered, normalized data to file /Users/michaelsieler/Dropbox/Mac (2)/Documents/Sharpton_Lab/Projects_Repository/Rules_of_Life/Sieler2024__ZF_Temperature_Parasite/Results/Tables/MaAsLin2/28__TREAT_PATH_WORM/features/filtered_data_norm.tsv
2025-06-25 12:35:20.407524 INFO::Writing filtered, normalized, transformed data to file /Users/michaelsieler/Dropbox/Mac (2)/Documents/Sharpton_Lab/Projects_Repository/Rules_of_Life/Sieler2024__ZF_Temperature_Parasite/Results/Tables/MaAsLin2/28__TREAT_PATH_WORM/features/filtered_data_norm_transformed.tsv
2025-06-25 12:35:20.473177 WARNING::Deleting existing residuals file: /Users/michaelsieler/Dropbox/Mac (2)/Documents/Sharpton_Lab/Projects_Repository/Rules_of_Life/Sieler2024__ZF_Temperature_Parasite/Results/Tables/MaAsLin2/28__TREAT_PATH_WORM/fits/residuals.rds
2025-06-25 12:35:20.47534 INFO::Writing residuals to file /Users/michaelsieler/Dropbox/Mac (2)/Documents/Sharpton_Lab/Projects_Repository/Rules_of_Life/Sieler2024__ZF_Temperature_Parasite/Results/Tables/MaAsLin2/28__TREAT_PATH_WORM/fits/residuals.rds
2025-06-25 12:35:20.49066 WARNING::Deleting existing fitted file: /Users/michaelsieler/Dropbox/Mac (2)/Documents/Sharpton_Lab/Projects_Repository/Rules_of_Life/Sieler2024__ZF_Temperature_Parasite/Results/Tables/MaAsLin2/28__TREAT_PATH_WORM/fits/fitted.rds
2025-06-25 12:35:20.492726 INFO::Writing fitted values to file /Users/michaelsieler/Dropbox/Mac (2)/Documents/Sharpton_Lab/Projects_Repository/Rules_of_Life/Sieler2024__ZF_Temperature_Parasite/Results/Tables/MaAsLin2/28__TREAT_PATH_WORM/fits/fitted.rds
2025-06-25 12:35:20.496465 INFO::Writing all results to file (ordered by increasing q-values): /Users/michaelsieler/Dropbox/Mac (2)/Documents/Sharpton_Lab/Projects_Repository/Rules_of_Life/Sieler2024__ZF_Temperature_Parasite/Results/Tables/MaAsLin2/28__TREAT_PATH_WORM/all_results.tsv
2025-06-25 12:35:20.508319 INFO::Writing the significant results (those which are less than or equal to the threshold of 0.250000 ) to file (ordered by increasing q-values): /Users/michaelsieler/Dropbox/Mac (2)/Documents/Sharpton_Lab/Projects_Repository/Rules_of_Life/Sieler2024__ZF_Temperature_Parasite/Results/Tables/MaAsLin2/28__TREAT_PATH_WORM/significant_results.tsv
2025-06-25 12:35:20.513083 INFO::Writing heatmap of significant results to file: /Users/michaelsieler/Dropbox/Mac (2)/Documents/Sharpton_Lab/Projects_Repository/Rules_of_Life/Sieler2024__ZF_Temperature_Parasite/Results/Tables/MaAsLin2/28__TREAT_PATH_WORM/heatmap.pdf
