2025-06-10 19:54:50.011972 INFO::Writing function arguments to log file
2025-06-10 19:54:50.013203 DEBUG::Function arguments
2025-06-10 19:54:50.013784 DEBUG::Output folder: /Users/michaelsieler/Dropbox/Mac (2)/Documents/Sharpton_Lab/Projects_Repository/Rules_of_Life/Sieler2024__ZF_Temperature_Parasite/Results/Tables/MaAsLin2/35__TREAT_PATH_WORM
2025-06-10 19:54:50.014365 DEBUG::Min Abundance: 0.000000
2025-06-10 19:54:50.014718 DEBUG::Min Prevalence: 0.000000
2025-06-10 19:54:50.01505 DEBUG::Normalization: TSS
2025-06-10 19:54:50.015402 DEBUG::Transform: LOG
2025-06-10 19:54:50.015733 DEBUG::Analysis method: LM
2025-06-10 19:54:50.016068 DEBUG::Max significance: 0.250000
2025-06-10 19:54:50.016467 DEBUG::Random effects:
2025-06-10 19:54:50.016776 DEBUG::Fixed effects: Treatment,Pathology.Results,Total.Worm.Count
2025-06-10 19:54:50.017066 DEBUG::Correction method: BH
2025-06-10 19:54:50.017347 DEBUG::Standardize: FALSE
2025-06-10 19:54:50.017618 DEBUG::Cores: 8
2025-06-10 19:54:50.017879 INFO::Verifying options selected are valid
2025-06-10 19:54:50.018771 INFO::Determining format of input files
2025-06-10 19:54:50.019525 INFO::Input format is data samples as rows and metadata samples as rows
2025-06-10 19:54:50.021039 DEBUG::A total of 89 samples were found in both the data and metadata
2025-06-10 19:54:50.021318 DEBUG::Reordering data/metadata to use same sample ordering
2025-06-10 19:54:50.024122 INFO::Formula for fixed effects: expr ~  Treatment + Pathology.Results + Total.Worm.Count
2025-06-10 19:54:50.025917 INFO::Filter data based on min abundance and min prevalence
2025-06-10 19:54:50.02724 INFO::Total samples in data: 89
2025-06-10 19:54:50.028294 INFO::Min samples required with min abundance for a feature not to be filtered: 0.000000
2025-06-10 19:54:50.032874 INFO::Total filtered features: 0
2025-06-10 19:54:50.033812 INFO::Filtered feature names from abundance and prevalence filtering:
2025-06-10 19:54:50.518551 INFO::Total filtered features with variance filtering: 0
2025-06-10 19:54:50.520393 INFO::Filtered feature names from variance filtering:
2025-06-10 19:54:50.521193 INFO::Running selected normalization method: TSS
2025-06-10 19:54:50.525555 INFO::Bypass z-score application to metadata
2025-06-10 19:54:50.526378 INFO::Running selected transform method: LOG
2025-06-10 19:54:50.533044 INFO::Running selected analysis method: LM
2025-06-10 19:54:50.534268 INFO::Creating cluster of 8 R processes
2025-06-10 19:54:59.80972 INFO::Counting total values for each feature
2025-06-10 19:54:59.843944 INFO::Writing filtered data to file /Users/michaelsieler/Dropbox/Mac (2)/Documents/Sharpton_Lab/Projects_Repository/Rules_of_Life/Sieler2024__ZF_Temperature_Parasite/Results/Tables/MaAsLin2/35__TREAT_PATH_WORM/features/filtered_data.tsv
2025-06-10 19:54:59.85762 INFO::Writing filtered, normalized data to file /Users/michaelsieler/Dropbox/Mac (2)/Documents/Sharpton_Lab/Projects_Repository/Rules_of_Life/Sieler2024__ZF_Temperature_Parasite/Results/Tables/MaAsLin2/35__TREAT_PATH_WORM/features/filtered_data_norm.tsv
2025-06-10 19:54:59.88706 INFO::Writing filtered, normalized, transformed data to file /Users/michaelsieler/Dropbox/Mac (2)/Documents/Sharpton_Lab/Projects_Repository/Rules_of_Life/Sieler2024__ZF_Temperature_Parasite/Results/Tables/MaAsLin2/35__TREAT_PATH_WORM/features/filtered_data_norm_transformed.tsv
2025-06-10 19:54:59.940001 INFO::Writing residuals to file /Users/michaelsieler/Dropbox/Mac (2)/Documents/Sharpton_Lab/Projects_Repository/Rules_of_Life/Sieler2024__ZF_Temperature_Parasite/Results/Tables/MaAsLin2/35__TREAT_PATH_WORM/fits/residuals.rds
2025-06-10 19:54:59.944888 INFO::Writing fitted values to file /Users/michaelsieler/Dropbox/Mac (2)/Documents/Sharpton_Lab/Projects_Repository/Rules_of_Life/Sieler2024__ZF_Temperature_Parasite/Results/Tables/MaAsLin2/35__TREAT_PATH_WORM/fits/fitted.rds
2025-06-10 19:54:59.947013 INFO::Writing all results to file (ordered by increasing q-values): /Users/michaelsieler/Dropbox/Mac (2)/Documents/Sharpton_Lab/Projects_Repository/Rules_of_Life/Sieler2024__ZF_Temperature_Parasite/Results/Tables/MaAsLin2/35__TREAT_PATH_WORM/all_results.tsv
2025-06-10 19:54:59.954227 INFO::Writing the significant results (those which are less than or equal to the threshold of 0.250000 ) to file (ordered by increasing q-values): /Users/michaelsieler/Dropbox/Mac (2)/Documents/Sharpton_Lab/Projects_Repository/Rules_of_Life/Sieler2024__ZF_Temperature_Parasite/Results/Tables/MaAsLin2/35__TREAT_PATH_WORM/significant_results.tsv
2025-06-10 19:54:59.957159 INFO::Writing heatmap of significant results to file: /Users/michaelsieler/Dropbox/Mac (2)/Documents/Sharpton_Lab/Projects_Repository/Rules_of_Life/Sieler2024__ZF_Temperature_Parasite/Results/Tables/MaAsLin2/35__TREAT_PATH_WORM/heatmap.pdf
